<?xml version="1.0" encoding="UTF-8"?>
<!-- Generated by org.testng.reporters.JUnitReportReporter -->
<testsuite skipped="0" hostname="DESKTOP-G35C2NK" name="com.pagefactory.CreateAccountTest" tests="1" failures="0" timestamp="08 Jul 2020 14:38:07 GMT" time="24.300" errors="0">
  <testcase name="Registration" time="24.300" classname="com.pagefactory.CreateAccountTest"/>
</testsuite> <!-- com.pagefactory.CreateAccountTest -->
