<?xml version="1.0" encoding="UTF-8"?>
<!-- Generated by org.testng.reporters.JUnitReportReporter -->
<testsuite skipped="0" hostname="DESKTOP-G35C2NK" name="com.pagefactory.Login" tests="1" failures="0" timestamp="02 Jul 2020 20:57:35 GMT" time="15.498" errors="0">
  <testcase name="login" time="15.498" classname="com.pagefactory.Login"/>
</testsuite> <!-- com.pagefactory.Login -->
