<?xml version="1.0" encoding="UTF-8"?>
<!-- Generated by org.testng.reporters.JUnitReportReporter -->
<testsuite skipped="0" hostname="DESKTOP-G35C2NK" name="com.maven.project.LoraMavenJune.CheckBox1" tests="1" failures="0" timestamp="06 Aug 2020 13:41:02 GMT" time="5.557" errors="0">
  <testcase name="checkBox" time="5.557" classname="com.maven.project.LoraMavenJune.CheckBox1"/>
</testsuite> <!-- com.maven.project.LoraMavenJune.CheckBox1 -->
