<?xml version="1.0" encoding="UTF-8"?>
<!-- Generated by org.testng.reporters.JUnitReportReporter -->
<testsuite skipped="0" hostname="DESKTOP-G35C2NK" name="com.maven.project.LoraMavenJune.NewTest" tests="1" failures="0" timestamp="06 Aug 2020 13:41:02 GMT" time="0.002" errors="0">
  <testcase name="f" time="0.002" classname="com.maven.project.LoraMavenJune.NewTest"/>
</testsuite> <!-- com.maven.project.LoraMavenJune.NewTest -->
