<?xml version="1.0" encoding="UTF-8"?>
<!-- Generated by org.testng.reporters.JUnitReportReporter -->
<testsuite skipped="1" hostname="DESKTOP-G35C2NK" name="com.maven.project.LoraMavenJune.TC_001" tests="3" failures="0" timestamp="06 Aug 2020 13:41:02 GMT" time="0.002" errors="0">
  <testcase name="f" time="0.001" classname="com.maven.project.LoraMavenJune.TC_001"/>
  <testcase name="a" time="0.001" classname="com.maven.project.LoraMavenJune.TC_001"/>
  <testcase name="z" classname="com.maven.project.LoraMavenJune.TC_001">
    <skipped/>
  </testcase> <!-- z -->
</testsuite> <!-- com.maven.project.LoraMavenJune.TC_001 -->
