<?xml version="1.0" encoding="UTF-8"?>
<!-- Generated by org.testng.reporters.JUnitReportReporter -->
<testsuite skipped="0" hostname="DESKTOP-G35C2NK" name="LinksTesting1" tests="1" failures="0" timestamp="25 Jul 2020 23:18:22 GMT" time="6.366" errors="0">
  <testcase name="linksTesting" time="6.366" classname="LinksTesting1"/>
</testsuite> <!-- LinksTesting1 -->
