<?xml version="1.0" encoding="UTF-8"?>
<!-- Generated by org.testng.reporters.JUnitReportReporter -->
<testsuite skipped="0" hostname="DESKTOP-G35C2NK" name="com.maven.project.LoraMavenJune.TC_002" tests="1" failures="0" timestamp="06 Aug 2020 13:41:02 GMT" time="10.844" errors="0">
  <testcase name="amazon" time="10.844" classname="com.maven.project.LoraMavenJune.TC_002"/>
</testsuite> <!-- com.maven.project.LoraMavenJune.TC_002 -->
